2025-05-20T17:11:35+01:00 [INFO] (../../../../home/runner/work/codacy-cli-v2/codacy-cli-v2/utils/logger/logger.go:106) Starting Codacy CLI version=1.0.0-main.309.44f78ac (44f78ac) built at 2025-05-20T10:50:02Z
2025-05-20T17:11:35+01:00 [INFO] (../../../../home/runner/work/codacy-cli-v2/codacy-cli-v2/utils/logger/logger.go:106) Executing CLI command command=init full_command=[/Users/nunofernandes/Library/Caches/Codacy/codacy-cli-v2/1.0.0-main.309.44f78ac/codacy-cli-v2 init] args=[]
2025-05-20T17:12:08+01:00 [INFO] (../../../../home/runner/work/codacy-cli-v2/codacy-cli-v2/utils/logger/logger.go:106) Starting Codacy CLI version=1.0.0-main.309.44f78ac (44f78ac) built at 2025-05-20T10:50:02Z
2025-05-20T17:12:08+01:00 [INFO] (../../../../home/runner/work/codacy-cli-v2/codacy-cli-v2/utils/logger/logger.go:106) Starting Codacy CLI version=1.0.0-main.309.44f78ac (44f78ac) built at 2025-05-20T10:50:02Z
2025-05-20T17:12:08+01:00 [INFO] (../../../../home/runner/work/codacy-cli-v2/codacy-cli-v2/utils/logger/logger.go:106) Executing CLI command full_command=[/Users/nunofernandes/Library/Caches/Codacy/codacy-cli-v2/1.0.0-main.309.44f78ac/codacy-cli-v2 install] args=[] command=install
2025-05-20T17:12:08+01:00 [INFO] (../../../../home/runner/work/codacy-cli-v2/codacy-cli-v2/utils/logger/logger.go:106) Starting installation process
2025-05-20T17:12:08+01:00 [INFO] (../../../../home/runner/work/codacy-cli-v2/codacy-cli-v2/utils/logger/logger.go:106) Runtime scheduled for installation runtime=java version=17.0.10
2025-05-20T17:12:08+01:00 [INFO] (../../../../home/runner/work/codacy-cli-v2/codacy-cli-v2/utils/logger/logger.go:106) Tool scheduled for installation tool=lizard version=1.17.19
2025-05-20T17:12:08+01:00 [INFO] (../../../../home/runner/work/codacy-cli-v2/codacy-cli-v2/utils/logger/logger.go:106) Tool scheduled for installation tool=eslint version=8.57.0
2025-05-20T17:12:08+01:00 [INFO] (../../../../home/runner/work/codacy-cli-v2/codacy-cli-v2/utils/logger/logger.go:106) Installing runtime runtime=java version=17.0.10
2025-05-20T17:12:08+01:00 [DEBUG] (../../../../home/runner/work/codacy-cli-v2/codacy-cli-v2/utils/logger/logger.go:106) Runtime binary not found path=/Users/nunofernandes/.cache/codacy/runtimes/jdk-17.0.10+7/Contents/Home/bin/java error=stat /Users/nunofernandes/.cache/codacy/runtimes/jdk-17.0.10+7/Contents/Home/bin/java: no such file or directory binary=java
2025-05-20T17:12:08+01:00 [DEBUG] (../../../../home/runner/work/codacy-cli-v2/codacy-cli-v2/utils/logger/logger.go:106) Downloading runtime runtime=java version=17.0.10 downloadURL=https://github.com/adoptium/temurin17-binaries/releases/download/jdk-17.0.10%2B7/OpenJDK17U-jdk_aarch64_mac_hotspot_17.0.10_7.tar.gz downloadPath=/Users/nunofernandes/.cache/codacy/runtimes/OpenJDK17U-jdk_aarch64_mac_hotspot_17.0.10_7.tar.gz
2025-05-20T17:12:16+01:00 [DEBUG] (../../../../home/runner/work/codacy-cli-v2/codacy-cli-v2/utils/logger/logger.go:106) Extracting runtime fileName=OpenJDK17U-jdk_aarch64_mac_hotspot_17.0.10_7.tar.gz extractDirectory=/Users/nunofernandes/.cache/codacy/runtimes runtime=java version=17.0.10
2025-05-20T17:12:18+01:00 [DEBUG] (../../../../home/runner/work/codacy-cli-v2/codacy-cli-v2/utils/logger/logger.go:106) Failed to set binary permissions path=/Users/nunofernandes/.cache/codacy/runtimes/jdk-17.0.10+7/Users/nunofernandes/.cache/codacy/runtimes/jdk-17.0.10+7/Contents/Home/bin/java error=chmod /Users/nunofernandes/.cache/codacy/runtimes/jdk-17.0.10+7/Users/nunofernandes/.cache/codacy/runtimes/jdk-17.0.10+7/Contents/Home/bin/java: no such file or directory binary=/Users/nunofernandes/.cache/codacy/runtimes/jdk-17.0.10+7/Contents/Home/bin/java
2025-05-20T17:12:18+01:00 [ERROR] (../../../../home/runner/work/codacy-cli-v2/codacy-cli-v2/utils/logger/logger.go:106) Failed to install runtime error=failed to download and extract runtime java: failed to set binary permissions for /Users/nunofernandes/.cache/codacy/runtimes/jdk-17.0.10+7/Contents/Home/bin/java: chmod /Users/nunofernandes/.cache/codacy/runtimes/jdk-17.0.10+7/Users/nunofernandes/.cache/codacy/runtimes/jdk-17.0.10+7/Contents/Home/bin/java: no such file or directory runtime=java version=17.0.10
2025-05-20T17:12:18+01:00 [INFO] (../../../../home/runner/work/codacy-cli-v2/codacy-cli-v2/utils/logger/logger.go:106) Installing tool tool=lizard version=1.17.19
2025-05-20T17:12:18+01:00 [DEBUG] (../../../../home/runner/work/codacy-cli-v2/codacy-cli-v2/utils/logger/logger.go:106) Installing Python tool tool=lizard version=1.17.19
2025-05-20T17:12:18+01:00 [DEBUG] (../../../../home/runner/work/codacy-cli-v2/codacy-cli-v2/utils/logger/logger.go:106) Starting Python tool installation tool=lizard version=1.17.19
2025-05-20T17:12:18+01:00 [DEBUG] (../../../../home/runner/work/codacy-cli-v2/codacy-cli-v2/utils/logger/logger.go:106) Creating Python virtual environment tool=lizard version=1.17.19 venvDir=/Users/nunofernandes/.cache/codacy/tools/lizard@1.17.19/venv
2025-05-20T17:12:20+01:00 [DEBUG] (../../../../home/runner/work/codacy-cli-v2/codacy-cli-v2/utils/logger/logger.go:106) Installing Python package version=1.17.19 pipPath=/Users/nunofernandes/.cache/codacy/tools/lizard@1.17.19/venv/bin/pip tool=lizard
2025-05-20T17:12:21+01:00 [DEBUG] (../../../../home/runner/work/codacy-cli-v2/codacy-cli-v2/utils/logger/logger.go:106) Python tool installation completed tool=lizard version=1.17.19
2025-05-20T17:12:21+01:00 [INFO] (../../../../home/runner/work/codacy-cli-v2/codacy-cli-v2/utils/logger/logger.go:106) Successfully installed tool tool=lizard version=1.17.19
2025-05-20T17:12:21+01:00 [INFO] (../../../../home/runner/work/codacy-cli-v2/codacy-cli-v2/utils/logger/logger.go:106) Installing tool tool=eslint version=8.57.0
2025-05-20T17:12:21+01:00 [DEBUG] (../../../../home/runner/work/codacy-cli-v2/codacy-cli-v2/utils/logger/logger.go:106) Installing runtime-based tool runtime=node tool=eslint version=8.57.0
2025-05-20T17:12:21+01:00 [DEBUG] (../../../../home/runner/work/codacy-cli-v2/codacy-cli-v2/utils/logger/logger.go:106) Installing tool packageManager=npm packageManagerBin=/Users/nunofernandes/.cache/codacy/runtimes/node-v22.2.0-darwin-arm64/bin/npm command=install --prefix /Users/nunofernandes/.cache/codacy/tools/eslint@8.57.0 eslint@8.57.0 @microsoft/eslint-formatter-sarif tool=eslint version=8.57.0
2025-05-20T17:12:21+01:00 [DEBUG] (../../../../home/runner/work/codacy-cli-v2/codacy-cli-v2/utils/logger/logger.go:106) Running command command=/Users/nunofernandes/.cache/codacy/runtimes/node-v22.2.0-darwin-arm64/bin/npm install --prefix /Users/nunofernandes/.cache/codacy/tools/eslint@8.57.0 eslint@8.57.0 @microsoft/eslint-formatter-sarif
2025-05-20T17:12:24+01:00 [DEBUG] (../../../../home/runner/work/codacy-cli-v2/codacy-cli-v2/utils/logger/logger.go:106) Tool installation completed tool=eslint version=8.57.0
2025-05-20T17:12:24+01:00 [INFO] (../../../../home/runner/work/codacy-cli-v2/codacy-cli-v2/utils/logger/logger.go:106) Successfully installed tool version=8.57.0 tool=eslint
2025-05-20T17:12:24+01:00 [INFO] (../../../../home/runner/work/codacy-cli-v2/codacy-cli-v2/utils/logger/logger.go:106) Installation completed successfully
2025-05-20T17:12:24+01:00 [INFO] (../../../../home/runner/work/codacy-cli-v2/codacy-cli-v2/utils/logger/logger.go:106) Starting Codacy CLI version=1.0.0-main.309.44f78ac (44f78ac) built at 2025-05-20T10:50:02Z
